{"C:\\Users\\97300125\\Dev files\\PowerX\\SUTD\\backend\\backend_proj\\src\\app.js": {"path":"C:\\Users\\97300125\\Dev files\\PowerX\\SUTD\\backend\\backend_proj\\src\\app.js","statementMap":{"0":{"start":{"line":1,"column":16},"end":{"line":1,"column":34}},"1":{"start":{"line":2,"column":15},"end":{"line":2,"column":32}},"2":{"start":{"line":4,"column":0},"end":{"line":10,"column":1}},"3":{"start":{"line":5,"column":16},"end":{"line":5,"column":25}},"4":{"start":{"line":6,"column":4},"end":{"line":6,"column":27}},"5":{"start":{"line":7,"column":4},"end":{"line":7,"column":29}},"6":{"start":{"line":8,"column":4},"end":{"line":8,"column":19}},"7":{"start":{"line":9,"column":4},"end":{"line":9,"column":14}}},"fnMap":{"0":{"name":"(anonymous_0)","decl":{"start":{"line":4,"column":17},"end":{"line":4,"column":18}},"loc":{"start":{"line":4,"column":29},"end":{"line":10,"column":1}},"line":4}},"branchMap":{},"s":{"0":3,"1":3,"2":3,"3":3,"4":3,"5":3,"6":3,"7":3},"f":{"0":3},"b":{},"_coverageSchema":"1a1c01bbd47fc00a2c39e90264f33305004495a9","hash":"4d8ab9835bec1acc9fc93ee7c39d8d3a105dd44f"}
,"C:\\Users\\97300125\\Dev files\\PowerX\\SUTD\\backend\\backend_proj\\src\\db\\index.js": {"path":"C:\\Users\\97300125\\Dev files\\PowerX\\SUTD\\backend\\backend_proj\\src\\db\\index.js","statementMap":{"0":{"start":{"line":1,"column":17},"end":{"line":1,"column":30}},"1":{"start":{"line":3,"column":13},"end":{"line":5,"column":2}},"2":{"start":{"line":7,"column":11},"end":{"line":11,"column":1}},"3":{"start":{"line":13,"column":0},"end":{"line":38,"column":1}},"4":{"start":{"line":14,"column":4},"end":{"line":20,"column":6}},"5":{"start":{"line":21,"column":4},"end":{"line":27,"column":6}},"6":{"start":{"line":28,"column":4},"end":{"line":36,"column":6}},"7":{"start":{"line":39,"column":0},"end":{"line":42,"column":1}},"8":{"start":{"line":40,"column":4},"end":{"line":40,"column":41}},"9":{"start":{"line":41,"column":4},"end":{"line":41,"column":59}},"10":{"start":{"line":44,"column":0},"end":{"line":47,"column":1}},"11":{"start":{"line":45,"column":4},"end":{"line":45,"column":41}},"12":{"start":{"line":46,"column":4},"end":{"line":46,"column":59}},"13":{"start":{"line":49,"column":0},"end":{"line":52,"column":1}},"14":{"start":{"line":50,"column":4},"end":{"line":50,"column":41}},"15":{"start":{"line":51,"column":4},"end":{"line":51,"column":59}},"16":{"start":{"line":54,"column":0},"end":{"line":56,"column":1}},"17":{"start":{"line":55,"column":4},"end":{"line":55,"column":20}},"18":{"start":{"line":58,"column":0},"end":{"line":58,"column":19}}},"fnMap":{"0":{"name":"(anonymous_0)","decl":{"start":{"line":13,"column":16},"end":{"line":13,"column":17}},"loc":{"start":{"line":13,"column":28},"end":{"line":38,"column":1}},"line":13},"1":{"name":"(anonymous_1)","decl":{"start":{"line":39,"column":22},"end":{"line":39,"column":23}},"loc":{"start":{"line":39,"column":34},"end":{"line":42,"column":1}},"line":39},"2":{"name":"(anonymous_2)","decl":{"start":{"line":44,"column":22},"end":{"line":44,"column":23}},"loc":{"start":{"line":44,"column":34},"end":{"line":47,"column":1}},"line":44},"3":{"name":"(anonymous_3)","decl":{"start":{"line":49,"column":22},"end":{"line":49,"column":23}},"loc":{"start":{"line":49,"column":34},"end":{"line":52,"column":1}},"line":49},"4":{"name":"(anonymous_4)","decl":{"start":{"line":54,"column":9},"end":{"line":54,"column":10}},"loc":{"start":{"line":54,"column":21},"end":{"line":56,"column":1}},"line":54}},"branchMap":{},"s":{"0":3,"1":3,"2":3,"3":3,"4":3,"5":3,"6":3,"7":3,"8":5,"9":5,"10":3,"11":14,"12":14,"13":3,"14":10,"15":10,"16":3,"17":3,"18":3},"f":{"0":3,"1":5,"2":14,"3":10,"4":3},"b":{},"_coverageSchema":"1a1c01bbd47fc00a2c39e90264f33305004495a9","hash":"e9b041ec396e7aecd57a14f4c3fa062881eeb3cf"}
,"C:\\Users\\97300125\\Dev files\\PowerX\\SUTD\\backend\\backend_proj\\src\\db\\lists.js": {"path":"C:\\Users\\97300125\\Dev files\\PowerX\\SUTD\\backend\\backend_proj\\src\\db\\lists.js","statementMap":{"0":{"start":{"line":1,"column":13},"end":{"line":1,"column":38}},"1":{"start":{"line":3,"column":0},"end":{"line":57,"column":1}},"2":{"start":{"line":4,"column":15},"end":{"line":4,"column":17}},"3":{"start":{"line":6,"column":4},"end":{"line":12,"column":5}},"4":{"start":{"line":7,"column":20},"end":{"line":10,"column":9}},"5":{"start":{"line":11,"column":8},"end":{"line":11,"column":36}},"6":{"start":{"line":14,"column":4},"end":{"line":17,"column":5}},"7":{"start":{"line":15,"column":20},"end":{"line":15,"column":90}},"8":{"start":{"line":16,"column":8},"end":{"line":16,"column":49}},"9":{"start":{"line":16,"column":35},"end":{"line":16,"column":48}},"10":{"start":{"line":19,"column":4},"end":{"line":22,"column":5}},"11":{"start":{"line":20,"column":20},"end":{"line":20,"column":79}},"12":{"start":{"line":21,"column":8},"end":{"line":21,"column":48}},"13":{"start":{"line":24,"column":4},"end":{"line":30,"column":5}},"14":{"start":{"line":25,"column":20},"end":{"line":28,"column":9}},"15":{"start":{"line":29,"column":8},"end":{"line":29,"column":36}},"16":{"start":{"line":32,"column":4},"end":{"line":38,"column":5}},"17":{"start":{"line":33,"column":20},"end":{"line":36,"column":9}},"18":{"start":{"line":37,"column":8},"end":{"line":37,"column":36}},"19":{"start":{"line":40,"column":4},"end":{"line":46,"column":5}},"20":{"start":{"line":41,"column":20},"end":{"line":44,"column":9}},"21":{"start":{"line":45,"column":8},"end":{"line":45,"column":36}},"22":{"start":{"line":48,"column":4},"end":{"line":54,"column":5}},"23":{"start":{"line":49,"column":20},"end":{"line":52,"column":9}},"24":{"start":{"line":53,"column":8},"end":{"line":53,"column":31}},"25":{"start":{"line":56,"column":4},"end":{"line":56,"column":13}}},"fnMap":{"0":{"name":"(anonymous_0)","decl":{"start":{"line":3,"column":17},"end":{"line":3,"column":18}},"loc":{"start":{"line":3,"column":27},"end":{"line":57,"column":1}},"line":3},"1":{"name":"(anonymous_1)","decl":{"start":{"line":6,"column":20},"end":{"line":6,"column":21}},"loc":{"start":{"line":6,"column":36},"end":{"line":12,"column":5}},"line":6},"2":{"name":"(anonymous_2)","decl":{"start":{"line":14,"column":27},"end":{"line":14,"column":28}},"loc":{"start":{"line":14,"column":42},"end":{"line":17,"column":5}},"line":14},"3":{"name":"(anonymous_3)","decl":{"start":{"line":16,"column":28},"end":{"line":16,"column":29}},"loc":{"start":{"line":16,"column":35},"end":{"line":16,"column":48}},"line":16},"4":{"name":"(anonymous_4)","decl":{"start":{"line":19,"column":27},"end":{"line":19,"column":28}},"loc":{"start":{"line":19,"column":41},"end":{"line":22,"column":5}},"line":19},"5":{"name":"(anonymous_5)","decl":{"start":{"line":24,"column":23},"end":{"line":24,"column":24}},"loc":{"start":{"line":24,"column":42},"end":{"line":30,"column":5}},"line":24},"6":{"name":"(anonymous_6)","decl":{"start":{"line":32,"column":26},"end":{"line":32,"column":27}},"loc":{"start":{"line":32,"column":51},"end":{"line":38,"column":5}},"line":32},"7":{"name":"(anonymous_7)","decl":{"start":{"line":40,"column":25},"end":{"line":40,"column":26}},"loc":{"start":{"line":40,"column":44},"end":{"line":46,"column":5}},"line":40},"8":{"name":"(anonymous_8)","decl":{"start":{"line":48,"column":26},"end":{"line":48,"column":27}},"loc":{"start":{"line":48,"column":45},"end":{"line":54,"column":5}},"line":48}},"branchMap":{"0":{"loc":{"start":{"line":21,"column":15},"end":{"line":21,"column":48}},"type":"cond-expr","locations":[{"start":{"line":21,"column":30},"end":{"line":21,"column":41}},{"start":{"line":21,"column":44},"end":{"line":21,"column":48}}],"line":21}},"s":{"0":3,"1":3,"2":3,"3":3,"4":8,"5":8,"6":3,"7":2,"8":2,"9":2,"10":3,"11":5,"12":5,"13":3,"14":2,"15":2,"16":3,"17":1,"18":1,"19":3,"20":0,"21":0,"22":3,"23":2,"24":2,"25":3},"f":{"0":3,"1":8,"2":2,"3":2,"4":5,"5":2,"6":1,"7":0,"8":2},"b":{"0":[5,0]},"_coverageSchema":"1a1c01bbd47fc00a2c39e90264f33305004495a9","hash":"08046ffd2371e4bb94494e36f3ec9fc7fef1a490"}
,"C:\\Users\\97300125\\Dev files\\PowerX\\SUTD\\backend\\backend_proj\\src\\db\\tasks.js": {"path":"C:\\Users\\97300125\\Dev files\\PowerX\\SUTD\\backend\\backend_proj\\src\\db\\tasks.js","statementMap":{"0":{"start":{"line":1,"column":13},"end":{"line":1,"column":38}},"1":{"start":{"line":3,"column":0},"end":{"line":34,"column":2}},"2":{"start":{"line":4,"column":15},"end":{"line":4,"column":17}},"3":{"start":{"line":6,"column":4},"end":{"line":13,"column":6}},"4":{"start":{"line":7,"column":20},"end":{"line":10,"column":9}},"5":{"start":{"line":12,"column":8},"end":{"line":12,"column":37}},"6":{"start":{"line":15,"column":4},"end":{"line":21,"column":6}},"7":{"start":{"line":16,"column":20},"end":{"line":19,"column":9}},"8":{"start":{"line":20,"column":8},"end":{"line":20,"column":36}},"9":{"start":{"line":23,"column":4},"end":{"line":26,"column":6}},"10":{"start":{"line":24,"column":20},"end":{"line":24,"column":75}},"11":{"start":{"line":25,"column":8},"end":{"line":25,"column":32}},"12":{"start":{"line":28,"column":4},"end":{"line":31,"column":5}},"13":{"start":{"line":29,"column":20},"end":{"line":29,"column":82}},"14":{"start":{"line":30,"column":8},"end":{"line":30,"column":49}},"15":{"start":{"line":30,"column":35},"end":{"line":30,"column":48}},"16":{"start":{"line":33,"column":4},"end":{"line":33,"column":13}}},"fnMap":{"0":{"name":"(anonymous_0)","decl":{"start":{"line":3,"column":17},"end":{"line":3,"column":18}},"loc":{"start":{"line":3,"column":27},"end":{"line":34,"column":1}},"line":3},"1":{"name":"(anonymous_1)","decl":{"start":{"line":6,"column":20},"end":{"line":6,"column":21}},"loc":{"start":{"line":6,"column":36},"end":{"line":13,"column":5}},"line":6},"2":{"name":"(anonymous_2)","decl":{"start":{"line":15,"column":20},"end":{"line":15,"column":21}},"loc":{"start":{"line":15,"column":40},"end":{"line":21,"column":5}},"line":15},"3":{"name":"(anonymous_3)","decl":{"start":{"line":23,"column":20},"end":{"line":23,"column":21}},"loc":{"start":{"line":23,"column":34},"end":{"line":26,"column":5}},"line":23},"4":{"name":"(anonymous_4)","decl":{"start":{"line":28,"column":25},"end":{"line":28,"column":26}},"loc":{"start":{"line":28,"column":39},"end":{"line":31,"column":5}},"line":28},"5":{"name":"(anonymous_5)","decl":{"start":{"line":30,"column":28},"end":{"line":30,"column":29}},"loc":{"start":{"line":30,"column":35},"end":{"line":30,"column":48}},"line":30}},"branchMap":{},"s":{"0":3,"1":3,"2":3,"3":3,"4":3,"5":3,"6":3,"7":1,"8":1,"9":3,"10":1,"11":1,"12":3,"13":2,"14":2,"15":0,"16":3},"f":{"0":3,"1":3,"2":1,"3":1,"4":2,"5":0},"b":{},"_coverageSchema":"1a1c01bbd47fc00a2c39e90264f33305004495a9","hash":"d73c18abed83191653f9c47ab251f1b439d29243"}
,"C:\\Users\\97300125\\Dev files\\PowerX\\SUTD\\backend\\backend_proj\\src\\db\\users.js": {"path":"C:\\Users\\97300125\\Dev files\\PowerX\\SUTD\\backend\\backend_proj\\src\\db\\users.js","statementMap":{"0":{"start":{"line":1,"column":13},"end":{"line":1,"column":38}},"1":{"start":{"line":3,"column":0},"end":{"line":23,"column":1}},"2":{"start":{"line":4,"column":15},"end":{"line":4,"column":17}},"3":{"start":{"line":6,"column":4},"end":{"line":12,"column":5}},"4":{"start":{"line":7,"column":20},"end":{"line":10,"column":9}},"5":{"start":{"line":11,"column":8},"end":{"line":11,"column":36}},"6":{"start":{"line":14,"column":4},"end":{"line":20,"column":5}},"7":{"start":{"line":15,"column":20},"end":{"line":18,"column":9}},"8":{"start":{"line":19,"column":8},"end":{"line":19,"column":58}},"9":{"start":{"line":22,"column":4},"end":{"line":22,"column":13}}},"fnMap":{"0":{"name":"(anonymous_0)","decl":{"start":{"line":3,"column":17},"end":{"line":3,"column":18}},"loc":{"start":{"line":3,"column":27},"end":{"line":23,"column":1}},"line":3},"1":{"name":"(anonymous_1)","decl":{"start":{"line":6,"column":20},"end":{"line":6,"column":21}},"loc":{"start":{"line":6,"column":36},"end":{"line":12,"column":5}},"line":6},"2":{"name":"(anonymous_2)","decl":{"start":{"line":14,"column":25},"end":{"line":14,"column":26}},"loc":{"start":{"line":14,"column":42},"end":{"line":20,"column":5}},"line":14}},"branchMap":{"0":{"loc":{"start":{"line":19,"column":15},"end":{"line":19,"column":58}},"type":"cond-expr","locations":[{"start":{"line":19,"column":30},"end":{"line":19,"column":51}},{"start":{"line":19,"column":54},"end":{"line":19,"column":58}}],"line":19}},"s":{"0":3,"1":3,"2":3,"3":3,"4":4,"5":4,"6":3,"7":7,"8":7,"9":3},"f":{"0":3,"1":4,"2":7},"b":{"0":[3,4]},"_coverageSchema":"1a1c01bbd47fc00a2c39e90264f33305004495a9","hash":"181533b052c032b3762495ad08995560aadc4a31"}
,"C:\\Users\\97300125\\Dev files\\PowerX\\SUTD\\backend\\backend_proj\\src\\middleware\\auth.js": {"path":"C:\\Users\\97300125\\Dev files\\PowerX\\SUTD\\backend\\backend_proj\\src\\middleware\\auth.js","statementMap":{"0":{"start":{"line":1,"column":0},"end":{"line":14,"column":1}},"1":{"start":{"line":2,"column":4},"end":{"line":13,"column":5}},"2":{"start":{"line":3,"column":27},"end":{"line":3,"column":52}},"3":{"start":{"line":4,"column":22},"end":{"line":4,"column":60}},"4":{"start":{"line":5,"column":8},"end":{"line":11,"column":11}},"5":{"start":{"line":6,"column":24},"end":{"line":6,"column":50}},"6":{"start":{"line":7,"column":12},"end":{"line":10,"column":13}},"7":{"start":{"line":8,"column":14},"end":{"line":8,"column":27}},"8":{"start":{"line":9,"column":14},"end":{"line":9,"column":27}},"9":{"start":{"line":12,"column":10},"end":{"line":12,"column":81}}},"fnMap":{"0":{"name":"(anonymous_0)","decl":{"start":{"line":1,"column":17},"end":{"line":1,"column":18}},"loc":{"start":{"line":1,"column":30},"end":{"line":14,"column":1}},"line":1},"1":{"name":"(anonymous_1)","decl":{"start":{"line":2,"column":11},"end":{"line":2,"column":12}},"loc":{"start":{"line":2,"column":31},"end":{"line":13,"column":5}},"line":2}},"branchMap":{"0":{"loc":{"start":{"line":4,"column":22},"end":{"line":4,"column":60}},"type":"binary-expr","locations":[{"start":{"line":4,"column":22},"end":{"line":4,"column":32}},{"start":{"line":4,"column":36},"end":{"line":4,"column":60}}],"line":4},"1":{"loc":{"start":{"line":5,"column":8},"end":{"line":11,"column":11}},"type":"if","locations":[{"start":{"line":5,"column":8},"end":{"line":11,"column":11}},{"start":{"line":5,"column":8},"end":{"line":11,"column":11}}],"line":5},"2":{"loc":{"start":{"line":7,"column":12},"end":{"line":10,"column":13}},"type":"if","locations":[{"start":{"line":7,"column":12},"end":{"line":10,"column":13}},{"start":{"line":7,"column":12},"end":{"line":10,"column":13}}],"line":7}},"s":{"0":4,"1":4,"2":23,"3":23,"4":23,"5":22,"6":22,"7":21,"8":21,"9":2},"f":{"0":4,"1":23},"b":{"0":[23,22],"1":[22,1],"2":[21,1]},"_coverageSchema":"1a1c01bbd47fc00a2c39e90264f33305004495a9","hash":"a14f3e355f12b11972955a48627607fb511be8e9"}
,"C:\\Users\\97300125\\Dev files\\PowerX\\SUTD\\backend\\backend_proj\\src\\middleware\\list-auth.js": {"path":"C:\\Users\\97300125\\Dev files\\PowerX\\SUTD\\backend\\backend_proj\\src\\middleware\\list-auth.js","statementMap":{"0":{"start":{"line":1,"column":0},"end":{"line":16,"column":1}},"1":{"start":{"line":2,"column":4},"end":{"line":15,"column":5}},"2":{"start":{"line":3,"column":23},"end":{"line":3,"column":30}},"3":{"start":{"line":4,"column":23},"end":{"line":4,"column":47}},"4":{"start":{"line":5,"column":26},"end":{"line":5,"column":70}},"5":{"start":{"line":7,"column":8},"end":{"line":13,"column":9}},"6":{"start":{"line":8,"column":12},"end":{"line":8,"column":48}},"7":{"start":{"line":9,"column":15},"end":{"line":13,"column":9}},"8":{"start":{"line":10,"column":12},"end":{"line":10,"column":25}},"9":{"start":{"line":12,"column":12},"end":{"line":12,"column":71}}},"fnMap":{"0":{"name":"(anonymous_0)","decl":{"start":{"line":1,"column":17},"end":{"line":1,"column":18}},"loc":{"start":{"line":1,"column":30},"end":{"line":16,"column":1}},"line":1},"1":{"name":"(anonymous_1)","decl":{"start":{"line":2,"column":11},"end":{"line":2,"column":12}},"loc":{"start":{"line":2,"column":37},"end":{"line":15,"column":5}},"line":2}},"branchMap":{"0":{"loc":{"start":{"line":7,"column":8},"end":{"line":13,"column":9}},"type":"if","locations":[{"start":{"line":7,"column":8},"end":{"line":13,"column":9}},{"start":{"line":7,"column":8},"end":{"line":13,"column":9}}],"line":7},"1":{"loc":{"start":{"line":9,"column":15},"end":{"line":13,"column":9}},"type":"if","locations":[{"start":{"line":9,"column":15},"end":{"line":13,"column":9}},{"start":{"line":9,"column":15},"end":{"line":13,"column":9}}],"line":9}},"s":{"0":4,"1":4,"2":8,"3":8,"4":8,"5":8,"6":1,"7":7,"8":6,"9":1},"f":{"0":4,"1":8},"b":{"0":[1,7],"1":[6,1]},"_coverageSchema":"1a1c01bbd47fc00a2c39e90264f33305004495a9","hash":"08533fcd20de1f99b97f7542081365fbaffc809c"}
,"C:\\Users\\97300125\\Dev files\\PowerX\\SUTD\\backend\\backend_proj\\src\\models\\list.js": {"path":"C:\\Users\\97300125\\Dev files\\PowerX\\SUTD\\backend\\backend_proj\\src\\models\\list.js","statementMap":{"0":{"start":{"line":3,"column":8},"end":{"line":3,"column":20}},"1":{"start":{"line":4,"column":8},"end":{"line":4,"column":26}},"2":{"start":{"line":5,"column":8},"end":{"line":5,"column":22}},"3":{"start":{"line":9,"column":0},"end":{"line":9,"column":21}}},"fnMap":{"0":{"name":"(anonymous_0)","decl":{"start":{"line":2,"column":4},"end":{"line":2,"column":5}},"loc":{"start":{"line":2,"column":35},"end":{"line":6,"column":5}},"line":2}},"branchMap":{},"s":{"0":22,"1":22,"2":22,"3":3},"f":{"0":22},"b":{},"_coverageSchema":"1a1c01bbd47fc00a2c39e90264f33305004495a9","hash":"94418c2356af606c3e61fd1c662ebd06c9e3ae9e"}
,"C:\\Users\\97300125\\Dev files\\PowerX\\SUTD\\backend\\backend_proj\\src\\models\\task.js": {"path":"C:\\Users\\97300125\\Dev files\\PowerX\\SUTD\\backend\\backend_proj\\src\\models\\task.js","statementMap":{"0":{"start":{"line":3,"column":8},"end":{"line":3,"column":20}},"1":{"start":{"line":4,"column":8},"end":{"line":4,"column":38}},"2":{"start":{"line":5,"column":8},"end":{"line":5,"column":34}},"3":{"start":{"line":6,"column":8},"end":{"line":6,"column":30}},"4":{"start":{"line":10,"column":0},"end":{"line":10,"column":21}}},"fnMap":{"0":{"name":"(anonymous_0)","decl":{"start":{"line":2,"column":4},"end":{"line":2,"column":5}},"loc":{"start":{"line":2,"column":56},"end":{"line":7,"column":5}},"line":2}},"branchMap":{},"s":{"0":8,"1":8,"2":8,"3":8,"4":3},"f":{"0":8},"b":{},"_coverageSchema":"1a1c01bbd47fc00a2c39e90264f33305004495a9","hash":"bd2e8756ad69ed4dfac2cd4c938267ac949e3bcc"}
,"C:\\Users\\97300125\\Dev files\\PowerX\\SUTD\\backend\\backend_proj\\src\\models\\user.js": {"path":"C:\\Users\\97300125\\Dev files\\PowerX\\SUTD\\backend\\backend_proj\\src\\models\\user.js","statementMap":{"0":{"start":{"line":3,"column":6},"end":{"line":3,"column":18}},"1":{"start":{"line":4,"column":6},"end":{"line":4,"column":24}},"2":{"start":{"line":5,"column":6},"end":{"line":5,"column":40}},"3":{"start":{"line":9,"column":2},"end":{"line":9,"column":23}}},"fnMap":{"0":{"name":"(anonymous_0)","decl":{"start":{"line":2,"column":4},"end":{"line":2,"column":5}},"loc":{"start":{"line":2,"column":46},"end":{"line":6,"column":5}},"line":2}},"branchMap":{},"s":{"0":12,"1":12,"2":12,"3":4},"f":{"0":12},"b":{},"_coverageSchema":"1a1c01bbd47fc00a2c39e90264f33305004495a9","hash":"4d0bc0a86c77ee700c45d3d743a34dd36722564a"}
,"C:\\Users\\97300125\\Dev files\\PowerX\\SUTD\\backend\\backend_proj\\src\\routes\\auth.js": {"path":"C:\\Users\\97300125\\Dev files\\PowerX\\SUTD\\backend\\backend_proj\\src\\routes\\auth.js","statementMap":{"0":{"start":{"line":1,"column":16},"end":{"line":1,"column":34}},"1":{"start":{"line":3,"column":0},"end":{"line":27,"column":1}},"2":{"start":{"line":4,"column":19},"end":{"line":4,"column":35}},"3":{"start":{"line":6,"column":4},"end":{"line":14,"column":6}},"4":{"start":{"line":7,"column":36},"end":{"line":7,"column":44}},"5":{"start":{"line":8,"column":22},"end":{"line":8,"column":65}},"6":{"start":{"line":9,"column":8},"end":{"line":13,"column":9}},"7":{"start":{"line":10,"column":12},"end":{"line":10,"column":37}},"8":{"start":{"line":12,"column":12},"end":{"line":12,"column":69}},"9":{"start":{"line":16,"column":4},"end":{"line":24,"column":6}},"10":{"start":{"line":17,"column":36},"end":{"line":17,"column":44}},"11":{"start":{"line":18,"column":22},"end":{"line":18,"column":62}},"12":{"start":{"line":19,"column":8},"end":{"line":23,"column":9}},"13":{"start":{"line":20,"column":12},"end":{"line":20,"column":37}},"14":{"start":{"line":22,"column":12},"end":{"line":22,"column":61}},"15":{"start":{"line":26,"column":4},"end":{"line":26,"column":17}}},"fnMap":{"0":{"name":"(anonymous_0)","decl":{"start":{"line":3,"column":17},"end":{"line":3,"column":18}},"loc":{"start":{"line":3,"column":30},"end":{"line":27,"column":1}},"line":3},"1":{"name":"(anonymous_1)","decl":{"start":{"line":6,"column":29},"end":{"line":6,"column":30}},"loc":{"start":{"line":6,"column":49},"end":{"line":14,"column":5}},"line":6},"2":{"name":"(anonymous_2)","decl":{"start":{"line":16,"column":26},"end":{"line":16,"column":27}},"loc":{"start":{"line":16,"column":46},"end":{"line":24,"column":5}},"line":16}},"branchMap":{"0":{"loc":{"start":{"line":9,"column":8},"end":{"line":13,"column":9}},"type":"if","locations":[{"start":{"line":9,"column":8},"end":{"line":13,"column":9}},{"start":{"line":9,"column":8},"end":{"line":13,"column":9}}],"line":9},"1":{"loc":{"start":{"line":19,"column":8},"end":{"line":23,"column":9}},"type":"if","locations":[{"start":{"line":19,"column":8},"end":{"line":23,"column":9}},{"start":{"line":19,"column":8},"end":{"line":23,"column":9}}],"line":19}},"s":{"0":3,"1":3,"2":3,"3":3,"4":2,"5":2,"6":2,"7":1,"8":1,"9":3,"10":2,"11":2,"12":2,"13":1,"14":1,"15":3},"f":{"0":3,"1":2,"2":2},"b":{"0":[1,1],"1":[1,1]},"_coverageSchema":"1a1c01bbd47fc00a2c39e90264f33305004495a9","hash":"c0d0c787e8c7aace12f6f634a4211975a674a979"}
,"C:\\Users\\97300125\\Dev files\\PowerX\\SUTD\\backend\\backend_proj\\src\\routes\\index.js": {"path":"C:\\Users\\97300125\\Dev files\\PowerX\\SUTD\\backend\\backend_proj\\src\\routes\\index.js","statementMap":{"0":{"start":{"line":1,"column":16},"end":{"line":1,"column":34}},"1":{"start":{"line":2,"column":25},"end":{"line":2,"column":61}},"2":{"start":{"line":4,"column":0},"end":{"line":39,"column":1}},"3":{"start":{"line":5,"column":17},"end":{"line":5,"column":33}},"4":{"start":{"line":7,"column":2},"end":{"line":9,"column":4}},"5":{"start":{"line":8,"column":4},"end":{"line":8,"column":28}},"6":{"start":{"line":18,"column":2},"end":{"line":18,"column":49}},"7":{"start":{"line":21,"column":2},"end":{"line":21,"column":28}},"8":{"start":{"line":23,"column":2},"end":{"line":23,"column":57}},"9":{"start":{"line":25,"column":2},"end":{"line":25,"column":32}},"10":{"start":{"line":27,"column":2},"end":{"line":27,"column":44}},"11":{"start":{"line":29,"column":2},"end":{"line":36,"column":5}},"12":{"start":{"line":31,"column":4},"end":{"line":31,"column":23}},"13":{"start":{"line":32,"column":4},"end":{"line":35,"column":7}},"14":{"start":{"line":38,"column":2},"end":{"line":38,"column":15}}},"fnMap":{"0":{"name":"(anonymous_0)","decl":{"start":{"line":4,"column":17},"end":{"line":4,"column":18}},"loc":{"start":{"line":4,"column":87},"end":{"line":39,"column":1}},"line":4},"1":{"name":"(anonymous_1)","decl":{"start":{"line":7,"column":18},"end":{"line":7,"column":19}},"loc":{"start":{"line":7,"column":38},"end":{"line":9,"column":3}},"line":7},"2":{"name":"(anonymous_2)","decl":{"start":{"line":29,"column":13},"end":{"line":29,"column":14}},"loc":{"start":{"line":29,"column":38},"end":{"line":36,"column":3}},"line":29}},"branchMap":{"0":{"loc":{"start":{"line":32,"column":15},"end":{"line":32,"column":32}},"type":"binary-expr","locations":[{"start":{"line":32,"column":15},"end":{"line":32,"column":25}},{"start":{"line":32,"column":29},"end":{"line":32,"column":32}}],"line":32}},"s":{"0":3,"1":3,"2":3,"3":3,"4":3,"5":1,"6":3,"7":3,"8":3,"9":3,"10":3,"11":3,"12":0,"13":0,"14":3},"f":{"0":3,"1":1,"2":0},"b":{"0":[0,0]},"_coverageSchema":"1a1c01bbd47fc00a2c39e90264f33305004495a9","hash":"48a22dab9a01cdfb54e4707bd74bf9910760df63"}
,"C:\\Users\\97300125\\Dev files\\PowerX\\SUTD\\backend\\backend_proj\\src\\routes\\list.js": {"path":"C:\\Users\\97300125\\Dev files\\PowerX\\SUTD\\backend\\backend_proj\\src\\routes\\list.js","statementMap":{"0":{"start":{"line":1,"column":16},"end":{"line":1,"column":34}},"1":{"start":{"line":2,"column":13},"end":{"line":2,"column":38}},"2":{"start":{"line":4,"column":0},"end":{"line":85,"column":1}},"3":{"start":{"line":5,"column":19},"end":{"line":5,"column":35}},"4":{"start":{"line":7,"column":4},"end":{"line":17,"column":6}},"5":{"start":{"line":8,"column":20},"end":{"line":8,"column":27}},"6":{"start":{"line":9,"column":26},"end":{"line":9,"column":34}},"7":{"start":{"line":10,"column":24},"end":{"line":10,"column":55}},"8":{"start":{"line":11,"column":8},"end":{"line":16,"column":9}},"9":{"start":{"line":12,"column":25},"end":{"line":12,"column":53}},"10":{"start":{"line":13,"column":12},"end":{"line":13,"column":38}},"11":{"start":{"line":15,"column":12},"end":{"line":15,"column":61}},"12":{"start":{"line":19,"column":4},"end":{"line":31,"column":6}},"13":{"start":{"line":20,"column":24},"end":{"line":23,"column":9}},"14":{"start":{"line":25,"column":8},"end":{"line":30,"column":9}},"15":{"start":{"line":26,"column":12},"end":{"line":26,"column":58}},"16":{"start":{"line":27,"column":12},"end":{"line":27,"column":43}},"17":{"start":{"line":29,"column":12},"end":{"line":29,"column":35}},"18":{"start":{"line":33,"column":4},"end":{"line":42,"column":6}},"19":{"start":{"line":34,"column":20},"end":{"line":34,"column":27}},"20":{"start":{"line":35,"column":8},"end":{"line":40,"column":9}},"21":{"start":{"line":36,"column":26},"end":{"line":36,"column":57}},"22":{"start":{"line":37,"column":12},"end":{"line":37,"column":39}},"23":{"start":{"line":39,"column":12},"end":{"line":39,"column":35}},"24":{"start":{"line":44,"column":4},"end":{"line":54,"column":6}},"25":{"start":{"line":45,"column":19},"end":{"line":45,"column":32}},"26":{"start":{"line":46,"column":20},"end":{"line":46,"column":27}},"27":{"start":{"line":47,"column":8},"end":{"line":53,"column":9}},"28":{"start":{"line":48,"column":25},"end":{"line":48,"column":56}},"29":{"start":{"line":49,"column":26},"end":{"line":49,"column":54}},"30":{"start":{"line":50,"column":12},"end":{"line":50,"column":47}},"31":{"start":{"line":52,"column":12},"end":{"line":52,"column":62}},"32":{"start":{"line":56,"column":4},"end":{"line":67,"column":6}},"33":{"start":{"line":57,"column":19},"end":{"line":57,"column":32}},"34":{"start":{"line":58,"column":20},"end":{"line":58,"column":27}},"35":{"start":{"line":59,"column":26},"end":{"line":59,"column":34}},"36":{"start":{"line":60,"column":28},"end":{"line":60,"column":45}},"37":{"start":{"line":61,"column":8},"end":{"line":66,"column":9}},"38":{"start":{"line":62,"column":25},"end":{"line":62,"column":72}},"39":{"start":{"line":63,"column":12},"end":{"line":63,"column":38}},"40":{"start":{"line":65,"column":12},"end":{"line":65,"column":62}},"41":{"start":{"line":69,"column":4},"end":{"line":82,"column":6}},"42":{"start":{"line":70,"column":19},"end":{"line":70,"column":32}},"43":{"start":{"line":71,"column":20},"end":{"line":71,"column":27}},"44":{"start":{"line":72,"column":8},"end":{"line":81,"column":9}},"45":{"start":{"line":73,"column":28},"end":{"line":73,"column":62}},"46":{"start":{"line":74,"column":12},"end":{"line":78,"column":13}},"47":{"start":{"line":75,"column":16},"end":{"line":75,"column":64}},"48":{"start":{"line":77,"column":16},"end":{"line":77,"column":91}},"49":{"start":{"line":80,"column":12},"end":{"line":80,"column":62}},"50":{"start":{"line":84,"column":4},"end":{"line":84,"column":17}}},"fnMap":{"0":{"name":"(anonymous_0)","decl":{"start":{"line":4,"column":17},"end":{"line":4,"column":18}},"loc":{"start":{"line":4,"column":38},"end":{"line":85,"column":1}},"line":4},"1":{"name":"(anonymous_1)","decl":{"start":{"line":7,"column":21},"end":{"line":7,"column":22}},"loc":{"start":{"line":7,"column":41},"end":{"line":17,"column":5}},"line":7},"2":{"name":"(anonymous_2)","decl":{"start":{"line":19,"column":27},"end":{"line":19,"column":28}},"loc":{"start":{"line":19,"column":47},"end":{"line":31,"column":5}},"line":19},"3":{"name":"(anonymous_3)","decl":{"start":{"line":33,"column":20},"end":{"line":33,"column":21}},"loc":{"start":{"line":33,"column":40},"end":{"line":42,"column":5}},"line":33},"4":{"name":"(anonymous_4)","decl":{"start":{"line":44,"column":23},"end":{"line":44,"column":24}},"loc":{"start":{"line":44,"column":43},"end":{"line":54,"column":5}},"line":44},"5":{"name":"(anonymous_5)","decl":{"start":{"line":56,"column":25},"end":{"line":56,"column":26}},"loc":{"start":{"line":56,"column":45},"end":{"line":67,"column":5}},"line":56},"6":{"name":"(anonymous_6)","decl":{"start":{"line":69,"column":26},"end":{"line":69,"column":27}},"loc":{"start":{"line":69,"column":46},"end":{"line":82,"column":5}},"line":69}},"branchMap":{"0":{"loc":{"start":{"line":74,"column":12},"end":{"line":78,"column":13}},"type":"if","locations":[{"start":{"line":74,"column":12},"end":{"line":78,"column":13}},{"start":{"line":74,"column":12},"end":{"line":78,"column":13}}],"line":74}},"s":{"0":3,"1":3,"2":3,"3":3,"4":3,"5":8,"6":8,"7":8,"8":8,"9":8,"10":8,"11":0,"12":3,"13":0,"14":0,"15":0,"16":0,"17":0,"18":3,"19":2,"20":2,"21":2,"22":2,"23":0,"24":3,"25":2,"26":2,"27":2,"28":2,"29":2,"30":2,"31":0,"32":3,"33":1,"34":1,"35":1,"36":1,"37":1,"38":1,"39":1,"40":0,"41":3,"42":2,"43":2,"44":2,"45":2,"46":2,"47":1,"48":1,"49":0,"50":3},"f":{"0":3,"1":8,"2":0,"3":2,"4":2,"5":1,"6":2},"b":{"0":[1,1]},"_coverageSchema":"1a1c01bbd47fc00a2c39e90264f33305004495a9","hash":"5759dc0033bb2413d05293ae2bf1019d161b7366"}
,"C:\\Users\\97300125\\Dev files\\PowerX\\SUTD\\backend\\backend_proj\\src\\routes\\task.js": {"path":"C:\\Users\\97300125\\Dev files\\PowerX\\SUTD\\backend\\backend_proj\\src\\routes\\task.js","statementMap":{"0":{"start":{"line":1,"column":16},"end":{"line":1,"column":34}},"1":{"start":{"line":2,"column":13},"end":{"line":2,"column":38}},"2":{"start":{"line":4,"column":0},"end":{"line":50,"column":1}},"3":{"start":{"line":5,"column":19},"end":{"line":5,"column":35}},"4":{"start":{"line":7,"column":4},"end":{"line":19,"column":6}},"5":{"start":{"line":8,"column":23},"end":{"line":8,"column":47}},"6":{"start":{"line":9,"column":32},"end":{"line":9,"column":40}},"7":{"start":{"line":10,"column":24},"end":{"line":10,"column":84}},"8":{"start":{"line":12,"column":8},"end":{"line":18,"column":9}},"9":{"start":{"line":13,"column":25},"end":{"line":13,"column":53}},"10":{"start":{"line":14,"column":12},"end":{"line":14,"column":38}},"11":{"start":{"line":16,"column":12},"end":{"line":16,"column":26}},"12":{"start":{"line":17,"column":12},"end":{"line":17,"column":35}},"13":{"start":{"line":21,"column":4},"end":{"line":33,"column":6}},"14":{"start":{"line":22,"column":23},"end":{"line":22,"column":47}},"15":{"start":{"line":23,"column":23},"end":{"line":23,"column":47}},"16":{"start":{"line":24,"column":43},"end":{"line":24,"column":51}},"17":{"start":{"line":25,"column":24},"end":{"line":25,"column":88}},"18":{"start":{"line":27,"column":8},"end":{"line":32,"column":9}},"19":{"start":{"line":28,"column":25},"end":{"line":28,"column":61}},"20":{"start":{"line":29,"column":12},"end":{"line":29,"column":38}},"21":{"start":{"line":31,"column":12},"end":{"line":31,"column":61}},"22":{"start":{"line":35,"column":4},"end":{"line":47,"column":6}},"23":{"start":{"line":36,"column":23},"end":{"line":36,"column":37}},"24":{"start":{"line":37,"column":8},"end":{"line":46,"column":9}},"25":{"start":{"line":38,"column":28},"end":{"line":38,"column":55}},"26":{"start":{"line":39,"column":12},"end":{"line":43,"column":13}},"27":{"start":{"line":40,"column":16},"end":{"line":40,"column":53}},"28":{"start":{"line":42,"column":16},"end":{"line":42,"column":82}},"29":{"start":{"line":45,"column":12},"end":{"line":45,"column":35}},"30":{"start":{"line":49,"column":4},"end":{"line":49,"column":17}}},"fnMap":{"0":{"name":"(anonymous_0)","decl":{"start":{"line":4,"column":17},"end":{"line":4,"column":18}},"loc":{"start":{"line":4,"column":25},"end":{"line":50,"column":1}},"line":4},"1":{"name":"(anonymous_1)","decl":{"start":{"line":7,"column":21},"end":{"line":7,"column":22}},"loc":{"start":{"line":7,"column":41},"end":{"line":19,"column":5}},"line":7},"2":{"name":"(anonymous_2)","decl":{"start":{"line":21,"column":22},"end":{"line":21,"column":23}},"loc":{"start":{"line":21,"column":42},"end":{"line":33,"column":5}},"line":21},"3":{"name":"(anonymous_3)","decl":{"start":{"line":35,"column":23},"end":{"line":35,"column":24}},"loc":{"start":{"line":35,"column":43},"end":{"line":47,"column":5}},"line":35}},"branchMap":{"0":{"loc":{"start":{"line":39,"column":12},"end":{"line":43,"column":13}},"type":"if","locations":[{"start":{"line":39,"column":12},"end":{"line":43,"column":13}},{"start":{"line":39,"column":12},"end":{"line":43,"column":13}}],"line":39}},"s":{"0":3,"1":3,"2":3,"3":3,"4":3,"5":3,"6":3,"7":3,"8":3,"9":3,"10":3,"11":0,"12":0,"13":3,"14":1,"15":1,"16":1,"17":1,"18":1,"19":1,"20":1,"21":0,"22":3,"23":1,"24":1,"25":1,"26":1,"27":1,"28":0,"29":0,"30":3},"f":{"0":3,"1":3,"2":1,"3":1},"b":{"0":[1,0]},"_coverageSchema":"1a1c01bbd47fc00a2c39e90264f33305004495a9","hash":"265b7182c73df7cfd30fcdcd966914c57ae4d9ec"}
,"C:\\Users\\97300125\\Dev files\\PowerX\\SUTD\\backend\\backend_proj\\src\\services\\amqp.js": {"path":"C:\\Users\\97300125\\Dev files\\PowerX\\SUTD\\backend\\backend_proj\\src\\services\\amqp.js","statementMap":{"0":{"start":{"line":1,"column":0},"end":{"line":1,"column":26}},"1":{"start":{"line":2,"column":16},"end":{"line":2,"column":34}},"2":{"start":{"line":4,"column":12},"end":{"line":4,"column":59}},"3":{"start":{"line":5,"column":14},"end":{"line":5,"column":31}},"4":{"start":{"line":7,"column":0},"end":{"line":22,"column":1}},"5":{"start":{"line":8,"column":20},"end":{"line":8,"column":22}},"6":{"start":{"line":10,"column":4},"end":{"line":19,"column":5}},"7":{"start":{"line":11,"column":23},"end":{"line":11,"column":49}},"8":{"start":{"line":12,"column":24},"end":{"line":12,"column":52}},"9":{"start":{"line":13,"column":8},"end":{"line":13,"column":40}},"10":{"start":{"line":14,"column":8},"end":{"line":16,"column":10}},"11":{"start":{"line":17,"column":8},"end":{"line":17,"column":29}},"12":{"start":{"line":18,"column":8},"end":{"line":18,"column":28}},"13":{"start":{"line":21,"column":4},"end":{"line":21,"column":18}}},"fnMap":{"0":{"name":"(anonymous_0)","decl":{"start":{"line":7,"column":17},"end":{"line":7,"column":18}},"loc":{"start":{"line":7,"column":23},"end":{"line":22,"column":1}},"line":7},"1":{"name":"(anonymous_1)","decl":{"start":{"line":10,"column":34},"end":{"line":10,"column":35}},"loc":{"start":{"line":10,"column":53},"end":{"line":19,"column":5}},"line":10}},"branchMap":{"0":{"loc":{"start":{"line":4,"column":12},"end":{"line":4,"column":59}},"type":"binary-expr","locations":[{"start":{"line":4,"column":12},"end":{"line":4,"column":37}},{"start":{"line":4,"column":41},"end":{"line":4,"column":59}}],"line":4}},"s":{"0":3,"1":3,"2":3,"3":3,"4":3,"5":0,"6":0,"7":0,"8":0,"9":0,"10":0,"11":0,"12":0,"13":0},"f":{"0":0,"1":0},"b":{"0":[3,0]},"_coverageSchema":"1a1c01bbd47fc00a2c39e90264f33305004495a9","hash":"bc3e66581219175f326f55e7b67b66b068503d35"}
,"C:\\Users\\97300125\\Dev files\\PowerX\\SUTD\\backend\\backend_proj\\src\\services\\auth.js": {"path":"C:\\Users\\97300125\\Dev files\\PowerX\\SUTD\\backend\\backend_proj\\src\\services\\auth.js","statementMap":{"0":{"start":{"line":1,"column":12},"end":{"line":1,"column":35}},"1":{"start":{"line":2,"column":15},"end":{"line":2,"column":32}},"2":{"start":{"line":3,"column":13},"end":{"line":3,"column":38}},"3":{"start":{"line":5,"column":20},"end":{"line":5,"column":53}},"4":{"start":{"line":6,"column":19},"end":{"line":6,"column":41}},"5":{"start":{"line":7,"column":19},"end":{"line":7,"column":51}},"6":{"start":{"line":9,"column":0},"end":{"line":49,"column":1}},"7":{"start":{"line":10,"column":20},"end":{"line":10,"column":22}},"8":{"start":{"line":12,"column":4},"end":{"line":14,"column":5}},"9":{"start":{"line":13,"column":8},"end":{"line":13,"column":70}},"10":{"start":{"line":16,"column":4},"end":{"line":26,"column":5}},"11":{"start":{"line":17,"column":21},"end":{"line":17,"column":52}},"12":{"start":{"line":18,"column":8},"end":{"line":25,"column":9}},"13":{"start":{"line":19,"column":12},"end":{"line":19,"column":23}},"14":{"start":{"line":21,"column":33},"end":{"line":21,"column":73}},"15":{"start":{"line":22,"column":28},"end":{"line":22,"column":74}},"16":{"start":{"line":23,"column":25},"end":{"line":23,"column":53}},"17":{"start":{"line":24,"column":12},"end":{"line":24,"column":49}},"18":{"start":{"line":28,"column":4},"end":{"line":37,"column":5}},"19":{"start":{"line":29,"column":21},"end":{"line":29,"column":52}},"20":{"start":{"line":30,"column":8},"end":{"line":35,"column":9}},"21":{"start":{"line":31,"column":28},"end":{"line":31,"column":78}},"22":{"start":{"line":32,"column":12},"end":{"line":34,"column":13}},"23":{"start":{"line":33,"column":16},"end":{"line":33,"column":53}},"24":{"start":{"line":36,"column":8},"end":{"line":36,"column":19}},"25":{"start":{"line":39,"column":4},"end":{"line":46,"column":5}},"26":{"start":{"line":40,"column":8},"end":{"line":45,"column":9}},"27":{"start":{"line":41,"column":28},"end":{"line":41,"column":57}},"28":{"start":{"line":42,"column":12},"end":{"line":42,"column":30}},"29":{"start":{"line":44,"column":12},"end":{"line":44,"column":23}},"30":{"start":{"line":48,"column":4},"end":{"line":48,"column":18}}},"fnMap":{"0":{"name":"(anonymous_0)","decl":{"start":{"line":9,"column":17},"end":{"line":9,"column":18}},"loc":{"start":{"line":9,"column":25},"end":{"line":49,"column":1}},"line":9},"1":{"name":"(anonymous_1)","decl":{"start":{"line":12,"column":28},"end":{"line":12,"column":29}},"loc":{"start":{"line":12,"column":37},"end":{"line":14,"column":5}},"line":12},"2":{"name":"(anonymous_2)","decl":{"start":{"line":16,"column":27},"end":{"line":16,"column":28}},"loc":{"start":{"line":16,"column":54},"end":{"line":26,"column":5}},"line":16},"3":{"name":"(anonymous_3)","decl":{"start":{"line":28,"column":24},"end":{"line":28,"column":25}},"loc":{"start":{"line":28,"column":51},"end":{"line":37,"column":5}},"line":28},"4":{"name":"(anonymous_4)","decl":{"start":{"line":39,"column":26},"end":{"line":39,"column":27}},"loc":{"start":{"line":39,"column":37},"end":{"line":46,"column":5}},"line":39}},"branchMap":{"0":{"loc":{"start":{"line":18,"column":8},"end":{"line":25,"column":9}},"type":"if","locations":[{"start":{"line":18,"column":8},"end":{"line":25,"column":9}},{"start":{"line":18,"column":8},"end":{"line":25,"column":9}}],"line":18},"1":{"loc":{"start":{"line":30,"column":8},"end":{"line":35,"column":9}},"type":"if","locations":[{"start":{"line":30,"column":8},"end":{"line":35,"column":9}},{"start":{"line":30,"column":8},"end":{"line":35,"column":9}}],"line":30},"2":{"loc":{"start":{"line":32,"column":12},"end":{"line":34,"column":13}},"type":"if","locations":[{"start":{"line":32,"column":12},"end":{"line":34,"column":13}},{"start":{"line":32,"column":12},"end":{"line":34,"column":13}}],"line":32}},"s":{"0":4,"1":4,"2":4,"3":4,"4":4,"5":4,"6":4,"7":4,"8":4,"9":8,"10":4,"11":7,"12":7,"13":2,"14":5,"15":5,"16":5,"17":5,"18":4,"19":5,"20":5,"21":4,"22":4,"23":2,"24":3,"25":4,"26":22,"27":22,"28":21,"29":1,"30":4},"f":{"0":4,"1":8,"2":7,"3":5,"4":22},"b":{"0":[2,5],"1":[4,1],"2":[2,2]},"_coverageSchema":"1a1c01bbd47fc00a2c39e90264f33305004495a9","hash":"169b035668dca76192a3c800a6d64afa15fd38db"}
,"C:\\Users\\97300125\\Dev files\\PowerX\\SUTD\\backend\\backend_proj\\src\\services\\list-auth.js": {"path":"C:\\Users\\97300125\\Dev files\\PowerX\\SUTD\\backend\\backend_proj\\src\\services\\list-auth.js","statementMap":{"0":{"start":{"line":1,"column":0},"end":{"line":10,"column":1}},"1":{"start":{"line":2,"column":20},"end":{"line":2,"column":22}},"2":{"start":{"line":4,"column":4},"end":{"line":7,"column":5}},"3":{"start":{"line":5,"column":26},"end":{"line":5,"column":56}},"4":{"start":{"line":6,"column":8},"end":{"line":6,"column":24}},"5":{"start":{"line":9,"column":4},"end":{"line":9,"column":18}}},"fnMap":{"0":{"name":"(anonymous_0)","decl":{"start":{"line":1,"column":17},"end":{"line":1,"column":18}},"loc":{"start":{"line":1,"column":25},"end":{"line":10,"column":1}},"line":1},"1":{"name":"(anonymous_1)","decl":{"start":{"line":4,"column":37},"end":{"line":4,"column":38}},"loc":{"start":{"line":4,"column":51},"end":{"line":7,"column":5}},"line":4}},"branchMap":{},"s":{"0":4,"1":4,"2":4,"3":7,"4":7,"5":4},"f":{"0":4,"1":7},"b":{},"_coverageSchema":"1a1c01bbd47fc00a2c39e90264f33305004495a9","hash":"90320aba11ea07bfb514857cea50295de8361310"}
,"C:\\Users\\97300125\\Dev files\\PowerX\\SUTD\\backend\\backend_proj\\tests\\utils.js": {"path":"C:\\Users\\97300125\\Dev files\\PowerX\\SUTD\\backend\\backend_proj\\tests\\utils.js","statementMap":{"0":{"start":{"line":1,"column":0},"end":{"line":1,"column":47}},"1":{"start":{"line":2,"column":12},"end":{"line":2,"column":33}},"2":{"start":{"line":3,"column":15},"end":{"line":3,"column":39}},"3":{"start":{"line":4,"column":23},"end":{"line":4,"column":56}},"4":{"start":{"line":5,"column":20},"end":{"line":5,"column":51}},"5":{"start":{"line":6,"column":27},"end":{"line":6,"column":65}},"6":{"start":{"line":7,"column":24},"end":{"line":7,"column":60}},"7":{"start":{"line":8,"column":20},"end":{"line":8,"column":51}},"8":{"start":{"line":9,"column":11},"end":{"line":9,"column":31}},"9":{"start":{"line":11,"column":14},"end":{"line":11,"column":16}},"10":{"start":{"line":13,"column":20},"end":{"line":13,"column":35}},"11":{"start":{"line":14,"column":24},"end":{"line":14,"column":43}},"12":{"start":{"line":15,"column":23},"end":{"line":15,"column":50}},"13":{"start":{"line":16,"column":27},"end":{"line":16,"column":62}},"14":{"start":{"line":17,"column":15},"end":{"line":17,"column":87}},"15":{"start":{"line":18,"column":12},"end":{"line":18,"column":23}},"16":{"start":{"line":20,"column":0},"end":{"line":20,"column":15}},"17":{"start":{"line":21,"column":0},"end":{"line":21,"column":13}},"18":{"start":{"line":23,"column":0},"end":{"line":28,"column":1}},"19":{"start":{"line":24,"column":4},"end":{"line":24,"column":25}},"20":{"start":{"line":25,"column":4},"end":{"line":25,"column":31}},"21":{"start":{"line":26,"column":4},"end":{"line":26,"column":31}},"22":{"start":{"line":27,"column":4},"end":{"line":27,"column":31}},"23":{"start":{"line":30,"column":0},"end":{"line":32,"column":1}},"24":{"start":{"line":31,"column":4},"end":{"line":31,"column":18}},"25":{"start":{"line":34,"column":0},"end":{"line":37,"column":1}},"26":{"start":{"line":35,"column":18},"end":{"line":35,"column":65}},"27":{"start":{"line":36,"column":4},"end":{"line":36,"column":28}},"28":{"start":{"line":39,"column":0},"end":{"line":39,"column":22}}},"fnMap":{"0":{"name":"(anonymous_0)","decl":{"start":{"line":23,"column":14},"end":{"line":23,"column":15}},"loc":{"start":{"line":23,"column":26},"end":{"line":28,"column":1}},"line":23},"1":{"name":"(anonymous_1)","decl":{"start":{"line":30,"column":17},"end":{"line":30,"column":18}},"loc":{"start":{"line":30,"column":29},"end":{"line":32,"column":1}},"line":30},"2":{"name":"(anonymous_2)","decl":{"start":{"line":34,"column":21},"end":{"line":34,"column":22}},"loc":{"start":{"line":34,"column":76},"end":{"line":37,"column":1}},"line":34}},"branchMap":{"0":{"loc":{"start":{"line":34,"column":28},"end":{"line":34,"column":45}},"type":"default-arg","locations":[{"start":{"line":34,"column":34},"end":{"line":34,"column":45}}],"line":34},"1":{"loc":{"start":{"line":34,"column":47},"end":{"line":34,"column":71}},"type":"default-arg","locations":[{"start":{"line":34,"column":56},"end":{"line":34,"column":71}}],"line":34}},"s":{"0":3,"1":3,"2":3,"3":3,"4":3,"5":3,"6":3,"7":3,"8":3,"9":3,"10":3,"11":3,"12":3,"13":3,"14":3,"15":3,"16":3,"17":3,"18":3,"19":3,"20":3,"21":3,"22":3,"23":3,"24":3,"25":3,"26":3,"27":3,"28":3},"f":{"0":3,"1":3,"2":3},"b":{"0":[2],"1":[2]},"_coverageSchema":"1a1c01bbd47fc00a2c39e90264f33305004495a9","hash":"1aaed74c8974a8b028097bbd5e5e7b448c0fe6bd"}
}
