TN:
SF:src\app.js
FN:4,(anonymous_0)
FNF:1
FNH:1
FNDA:3,(anonymous_0)
DA:1,3
DA:2,3
DA:4,3
DA:5,3
DA:6,3
DA:7,3
DA:8,3
DA:9,3
LF:8
LH:8
BRF:0
BRH:0
end_of_record
TN:
SF:src\db\index.js
FN:13,(anonymous_0)
FN:39,(anonymous_1)
FN:44,(anonymous_2)
FN:49,(anonymous_3)
FN:54,(anonymous_4)
FNF:5
FNH:5
FNDA:3,(anonymous_0)
FNDA:5,(anonymous_1)
FNDA:14,(anonymous_2)
FNDA:10,(anonymous_3)
FNDA:3,(anonymous_4)
DA:1,3
DA:3,3
DA:7,3
DA:13,3
DA:14,3
DA:21,3
DA:28,3
DA:39,3
DA:40,5
DA:41,5
DA:44,3
DA:45,14
DA:46,14
DA:49,3
DA:50,10
DA:51,10
DA:54,3
DA:55,3
DA:58,3
LF:19
LH:19
BRF:0
BRH:0
end_of_record
TN:
SF:src\db\lists.js
FN:3,(anonymous_0)
FN:6,(anonymous_1)
FN:14,(anonymous_2)
FN:16,(anonymous_3)
FN:19,(anonymous_4)
FN:24,(anonymous_5)
FN:32,(anonymous_6)
FN:40,(anonymous_7)
FN:48,(anonymous_8)
FNF:9
FNH:8
FNDA:3,(anonymous_0)
FNDA:8,(anonymous_1)
FNDA:2,(anonymous_2)
FNDA:2,(anonymous_3)
FNDA:5,(anonymous_4)
FNDA:2,(anonymous_5)
FNDA:1,(anonymous_6)
FNDA:0,(anonymous_7)
FNDA:2,(anonymous_8)
DA:1,3
DA:3,3
DA:4,3
DA:6,3
DA:7,8
DA:11,8
DA:14,3
DA:15,2
DA:16,2
DA:19,3
DA:20,5
DA:21,5
DA:24,3
DA:25,2
DA:29,2
DA:32,3
DA:33,1
DA:37,1
DA:40,3
DA:41,0
DA:45,0
DA:48,3
DA:49,2
DA:53,2
DA:56,3
LF:25
LH:23
BRDA:21,0,0,5
BRDA:21,0,1,0
BRF:2
BRH:1
end_of_record
TN:
SF:src\db\tasks.js
FN:3,(anonymous_0)
FN:6,(anonymous_1)
FN:15,(anonymous_2)
FN:23,(anonymous_3)
FN:28,(anonymous_4)
FN:30,(anonymous_5)
FNF:6
FNH:5
FNDA:3,(anonymous_0)
FNDA:3,(anonymous_1)
FNDA:1,(anonymous_2)
FNDA:1,(anonymous_3)
FNDA:2,(anonymous_4)
FNDA:0,(anonymous_5)
DA:1,3
DA:3,3
DA:4,3
DA:6,3
DA:7,3
DA:12,3
DA:15,3
DA:16,1
DA:20,1
DA:23,3
DA:24,1
DA:25,1
DA:28,3
DA:29,2
DA:30,2
DA:33,3
LF:16
LH:16
BRF:0
BRH:0
end_of_record
TN:
SF:src\db\users.js
FN:3,(anonymous_0)
FN:6,(anonymous_1)
FN:14,(anonymous_2)
FNF:3
FNH:3
FNDA:3,(anonymous_0)
FNDA:4,(anonymous_1)
FNDA:7,(anonymous_2)
DA:1,3
DA:3,3
DA:4,3
DA:6,3
DA:7,4
DA:11,4
DA:14,3
DA:15,7
DA:19,7
DA:22,3
LF:10
LH:10
BRDA:19,0,0,3
BRDA:19,0,1,4
BRF:2
BRH:2
end_of_record
TN:
SF:src\middleware\auth.js
FN:1,(anonymous_0)
FN:2,(anonymous_1)
FNF:2
FNH:2
FNDA:4,(anonymous_0)
FNDA:23,(anonymous_1)
DA:1,4
DA:2,4
DA:3,23
DA:4,23
DA:5,23
DA:6,22
DA:7,22
DA:8,21
DA:9,21
DA:12,2
LF:10
LH:10
BRDA:4,0,0,23
BRDA:4,0,1,22
BRDA:5,1,0,22
BRDA:5,1,1,1
BRDA:7,2,0,21
BRDA:7,2,1,1
BRF:6
BRH:6
end_of_record
TN:
SF:src\middleware\list-auth.js
FN:1,(anonymous_0)
FN:2,(anonymous_1)
FNF:2
FNH:2
FNDA:4,(anonymous_0)
FNDA:8,(anonymous_1)
DA:1,4
DA:2,4
DA:3,8
DA:4,8
DA:5,8
DA:7,8
DA:8,1
DA:9,7
DA:10,6
DA:12,1
LF:10
LH:10
BRDA:7,0,0,1
BRDA:7,0,1,7
BRDA:9,1,0,6
BRDA:9,1,1,1
BRF:4
BRH:4
end_of_record
TN:
SF:src\models\list.js
FN:2,(anonymous_0)
FNF:1
FNH:1
FNDA:22,(anonymous_0)
DA:3,22
DA:4,22
DA:5,22
DA:9,3
LF:4
LH:4
BRF:0
BRH:0
end_of_record
TN:
SF:src\models\task.js
FN:2,(anonymous_0)
FNF:1
FNH:1
FNDA:8,(anonymous_0)
DA:3,8
DA:4,8
DA:5,8
DA:6,8
DA:10,3
LF:5
LH:5
BRF:0
BRH:0
end_of_record
TN:
SF:src\models\user.js
FN:2,(anonymous_0)
FNF:1
FNH:1
FNDA:12,(anonymous_0)
DA:3,12
DA:4,12
DA:5,12
DA:9,4
LF:4
LH:4
BRF:0
BRH:0
end_of_record
TN:
SF:src\routes\auth.js
FN:3,(anonymous_0)
FN:6,(anonymous_1)
FN:16,(anonymous_2)
FNF:3
FNH:3
FNDA:3,(anonymous_0)
FNDA:2,(anonymous_1)
FNDA:2,(anonymous_2)
DA:1,3
DA:3,3
DA:4,3
DA:6,3
DA:7,2
DA:8,2
DA:9,2
DA:10,1
DA:12,1
DA:16,3
DA:17,2
DA:18,2
DA:19,2
DA:20,1
DA:22,1
DA:26,3
LF:16
LH:16
BRDA:9,0,0,1
BRDA:9,0,1,1
BRDA:19,1,0,1
BRDA:19,1,1,1
BRF:4
BRH:4
end_of_record
TN:
SF:src\routes\index.js
FN:4,(anonymous_0)
FN:7,(anonymous_1)
FN:29,(anonymous_2)
FNF:3
FNH:2
FNDA:3,(anonymous_0)
FNDA:1,(anonymous_1)
FNDA:0,(anonymous_2)
DA:1,3
DA:2,3
DA:4,3
DA:5,3
DA:7,3
DA:8,1
DA:18,3
DA:21,3
DA:23,3
DA:25,3
DA:27,3
DA:29,3
DA:31,0
DA:32,0
DA:38,3
LF:15
LH:13
BRDA:32,0,0,0
BRDA:32,0,1,0
BRF:2
BRH:0
end_of_record
TN:
SF:src\routes\list.js
FN:4,(anonymous_0)
FN:7,(anonymous_1)
FN:19,(anonymous_2)
FN:33,(anonymous_3)
FN:44,(anonymous_4)
FN:56,(anonymous_5)
FN:69,(anonymous_6)
FNF:7
FNH:6
FNDA:3,(anonymous_0)
FNDA:8,(anonymous_1)
FNDA:0,(anonymous_2)
FNDA:2,(anonymous_3)
FNDA:2,(anonymous_4)
FNDA:1,(anonymous_5)
FNDA:2,(anonymous_6)
DA:1,3
DA:2,3
DA:4,3
DA:5,3
DA:7,3
DA:8,8
DA:9,8
DA:10,8
DA:11,8
DA:12,8
DA:13,8
DA:15,0
DA:19,3
DA:20,0
DA:25,0
DA:26,0
DA:27,0
DA:29,0
DA:33,3
DA:34,2
DA:35,2
DA:36,2
DA:37,2
DA:39,0
DA:44,3
DA:45,2
DA:46,2
DA:47,2
DA:48,2
DA:49,2
DA:50,2
DA:52,0
DA:56,3
DA:57,1
DA:58,1
DA:59,1
DA:60,1
DA:61,1
DA:62,1
DA:63,1
DA:65,0
DA:69,3
DA:70,2
DA:71,2
DA:72,2
DA:73,2
DA:74,2
DA:75,1
DA:77,1
DA:80,0
DA:84,3
LF:51
LH:41
BRDA:74,0,0,1
BRDA:74,0,1,1
BRF:2
BRH:2
end_of_record
TN:
SF:src\routes\task.js
FN:4,(anonymous_0)
FN:7,(anonymous_1)
FN:21,(anonymous_2)
FN:35,(anonymous_3)
FNF:4
FNH:4
FNDA:3,(anonymous_0)
FNDA:3,(anonymous_1)
FNDA:1,(anonymous_2)
FNDA:1,(anonymous_3)
DA:1,3
DA:2,3
DA:4,3
DA:5,3
DA:7,3
DA:8,3
DA:9,3
DA:10,3
DA:12,3
DA:13,3
DA:14,3
DA:16,0
DA:17,0
DA:21,3
DA:22,1
DA:23,1
DA:24,1
DA:25,1
DA:27,1
DA:28,1
DA:29,1
DA:31,0
DA:35,3
DA:36,1
DA:37,1
DA:38,1
DA:39,1
DA:40,1
DA:42,0
DA:45,0
DA:49,3
LF:31
LH:26
BRDA:39,0,0,1
BRDA:39,0,1,0
BRF:2
BRH:1
end_of_record
TN:
SF:src\services\amqp.js
FN:7,(anonymous_0)
FN:10,(anonymous_1)
FNF:2
FNH:0
FNDA:0,(anonymous_0)
FNDA:0,(anonymous_1)
DA:1,3
DA:2,3
DA:4,3
DA:5,3
DA:7,3
DA:8,0
DA:10,0
DA:11,0
DA:12,0
DA:13,0
DA:14,0
DA:17,0
DA:18,0
DA:21,0
LF:14
LH:5
BRDA:4,0,0,3
BRDA:4,0,1,0
BRF:2
BRH:1
end_of_record
TN:
SF:src\services\auth.js
FN:9,(anonymous_0)
FN:12,(anonymous_1)
FN:16,(anonymous_2)
FN:28,(anonymous_3)
FN:39,(anonymous_4)
FNF:5
FNH:5
FNDA:4,(anonymous_0)
FNDA:8,(anonymous_1)
FNDA:7,(anonymous_2)
FNDA:5,(anonymous_3)
FNDA:22,(anonymous_4)
DA:1,4
DA:2,4
DA:3,4
DA:5,4
DA:6,4
DA:7,4
DA:9,4
DA:10,4
DA:12,4
DA:13,8
DA:16,4
DA:17,7
DA:18,7
DA:19,2
DA:21,5
DA:22,5
DA:23,5
DA:24,5
DA:28,4
DA:29,5
DA:30,5
DA:31,4
DA:32,4
DA:33,2
DA:36,3
DA:39,4
DA:40,22
DA:41,22
DA:42,21
DA:44,1
DA:48,4
LF:31
LH:31
BRDA:18,0,0,2
BRDA:18,0,1,5
BRDA:30,1,0,4
BRDA:30,1,1,1
BRDA:32,2,0,2
BRDA:32,2,1,2
BRF:6
BRH:6
end_of_record
TN:
SF:src\services\list-auth.js
FN:1,(anonymous_0)
FN:4,(anonymous_1)
FNF:2
FNH:2
FNDA:4,(anonymous_0)
FNDA:7,(anonymous_1)
DA:1,4
DA:2,4
DA:4,4
DA:5,7
DA:6,7
DA:9,4
LF:6
LH:6
BRF:0
BRH:0
end_of_record
TN:
SF:tests\utils.js
FN:23,(anonymous_0)
FN:30,(anonymous_1)
FN:34,(anonymous_2)
FNF:3
FNH:3
FNDA:3,(anonymous_0)
FNDA:3,(anonymous_1)
FNDA:3,(anonymous_2)
DA:1,3
DA:2,3
DA:3,3
DA:4,3
DA:5,3
DA:6,3
DA:7,3
DA:8,3
DA:9,3
DA:11,3
DA:13,3
DA:14,3
DA:15,3
DA:16,3
DA:17,3
DA:18,3
DA:20,3
DA:21,3
DA:23,3
DA:24,3
DA:25,3
DA:26,3
DA:27,3
DA:30,3
DA:31,3
DA:34,3
DA:35,3
DA:36,3
DA:39,3
LF:29
LH:29
BRDA:34,0,0,2
BRDA:34,1,0,2
BRF:2
BRH:2
end_of_record
